#
# A fatal error has been detected by the Java Runtime Environment:
#
#  Internal Error (classFileParser.cpp:3494), pid=8376, tid=13040
#  Error: ShouldNotReachHere()
#
# JRE version: 6.0_32-b05
# Java VM: Java HotSpot(TM) Client VM (20.7-b02 mixed mode windows-x86 )
# If you would like to submit a bug report, please visit:
#   http://java.sun.com/webapps/bugreport/crash.jsp
#

---------------  T H R E A D  ---------------

Current thread (0x01569800):  JavaThread "Unknown thread" [_thread_in_vm, id=13040, stack(0x00330000,0x00380000)]

Stack: [0x00330000,0x00380000],  sp=0x0037f86c,  free space=318k
Native frames: (J=compiled Java code, j=interpreted, Vv=VM code, C=native code)
V  [jvm.dll+0x13373a]
V  [jvm.dll+0x12e6db]
V  [jvm.dll+0x163ae]
V  [jvm.dll+0x17bdf]
V  [jvm.dll+0x26cc5]
V  [jvm.dll+0x27506]
V  [jvm.dll+0x278b5]
V  [jvm.dll+0x27949]
V  [jvm.dll+0x27a0c]
V  [jvm.dll+0x27a8a]
V  [jvm.dll+0x27b6d]
V  [jvm.dll+0x27e39]
V  [jvm.dll+0x6c483]
V  [jvm.dll+0x6c85c]
V  [jvm.dll+0xf9c5c]
V  [jvm.dll+0x11861b]
V  [jvm.dll+0x9ec20]
C  [javaw.exe+0x1657]
C  [javaw.exe+0x1e2c]
C  [javaw.exe+0x8614]
C  [kernel32.dll+0x4ee1c]  BaseThreadInitThunk+0x12
C  [ntdll.dll+0x637f5]  RtlInitializeExceptionChain+0xef
C  [ntdll.dll+0x637c8]  RtlInitializeExceptionChain+0xc2


---------------  P R O C E S S  ---------------

Java Threads: ( => current thread )

Other Threads:

=>0x01569800 (exited) JavaThread "Unknown thread" [_thread_in_vm, id=13040, stack(0x00330000,0x00380000)]

VM state:not at safepoint (not fully initialized)

VM Mutex/Monitor currently owned by a thread: None

Dynamic libraries:
0x00400000 - 0x00425000 	C:\Program Files\Java\jdk1.6.0_32\bin\javaw.exe
0x77310000 - 0x7744c000 	C:\Windows\SYSTEM32\ntdll.dll
0x76ae0000 - 0x76bb4000 	C:\Windows\system32\kernel32.dll
0x75490000 - 0x754db000 	C:\Windows\system32\KERNELBASE.dll
0x76f70000 - 0x77010000 	C:\Windows\system32\ADVAPI32.dll
0x76a30000 - 0x76adc000 	C:\Windows\system32\msvcrt.dll
0x77480000 - 0x77499000 	C:\Windows\SYSTEM32\sechost.dll
0x76880000 - 0x76922000 	C:\Windows\system32\RPCRT4.dll
0x77010000 - 0x770d9000 	C:\Windows\system32\USER32.dll
0x75b10000 - 0x75b5e000 	C:\Windows\system32\GDI32.dll
0x774a0000 - 0x774aa000 	C:\Windows\system32\LPK.dll
0x757b0000 - 0x7584d000 	C:\Windows\system32\USP10.dll
0x75aa0000 - 0x75abf000 	C:\Windows\system32\IMM32.DLL
0x75b60000 - 0x75c2c000 	C:\Windows\system32\MSCTF.dll
0x7c340000 - 0x7c396000 	C:\Program Files\Java\jdk1.6.0_32\jre\bin\msvcr71.dll
0x6d8c0000 - 0x6db6f000 	C:\Program Files\Java\jdk1.6.0_32\jre\bin\client\jvm.dll
0x72db0000 - 0x72de2000 	C:\Windows\system32\WINMM.dll
0x75340000 - 0x7538c000 	C:\Windows\system32\apphelp.dll
0x6d870000 - 0x6d87c000 	C:\Program Files\Java\jdk1.6.0_32\jre\bin\verify.dll
0x6d3d0000 - 0x6d3ef000 	C:\Program Files\Java\jdk1.6.0_32\jre\bin\java.dll
0x6d8b0000 - 0x6d8bf000 	C:\Program Files\Java\jdk1.6.0_32\jre\bin\zip.dll
0x77450000 - 0x77455000 	C:\Windows\system32\PSAPI.DLL

VM Arguments:
jvm_args: -Dfile.encoding=GBK -Xbootclasspath:D:\android soft\android-sdk_r18-windows\android-sdk_r18-windows\android-sdk-windows\platforms\android-15\android.jar 
java_command: com.kfx.android.util.service.impl.NewsServiceImpl
Launcher Type: SUN_STANDARD

Environment Variables:
PATH=C:/Program Files/Java/jdk1.6.0_32/bin/../jre/bin/client;C:/Program Files/Java/jdk1.6.0_32/bin/../jre/bin;C:/Program Files/Java/jdk1.6.0_32/bin/../jre/lib/i386;D:\Program Files\MySQL\MySQL Server 5.4\bin;F:\android\android-sdk-windows\android-sdk-windows\tools;C:\Program Files\NVIDIA Corporation\PhysX\Common;C:\Program Files\Java\jdk1.6.0_32\bin;C:\Windows\system32;C:\Windows;C:\Windows\System32\Wbem;C:\Windows\System32\WindowsPowerShell\v1.0\;E:\Win7系统封装资料\[3]优化及设置\Windows7优化大师 V1.70 绿色版\Windows7Master;C:\Program Files\Common Files\Thunder Network\KanKan\Codecs;C:\Program Files\TortoiseSVN\bin;D:\android soft\eclipse-jee-kepler-R-win32 (2)\eclipse;
USERNAME=Administrator
OS=Windows_NT
PROCESSOR_IDENTIFIER=x86 Family 6 Model 58 Stepping 9, GenuineIntel



---------------  S Y S T E M  ---------------

OS: Windows 7 Build 7601 Service Pack 1

CPU:total 4 (2 cores per cpu, 2 threads per core) family 6 model 58 stepping 9, cmov, cx8, fxsr, mmx, sse, sse2, sse3, ssse3, sse4.1, sse4.2, popcnt, ht

Memory: 4k page, physical 3644916k(843108k free), swap 7288084k(2942676k free)

vm_info: Java HotSpot(TM) Client VM (20.7-b02) for windows-x86 JRE (1.6.0_32-b05), built on Apr  5 2012 13:50:34 by "java_re" with MS VC++ 7.1 (VS2003)

time: Tue Mar 24 16:59:53 2015
elapsed time: 0 seconds

